h:\codeprojects\ccd_server\ccd_server\x64\release\ccd_server.ipdb
h:\codeprojects\ccd_server\ccd_server\x64\release\ccd_server.iobj
h:\codeprojects\ccd_server\ccd_server\ccd_server\x64\release\ccd_server.pch
h:\codeprojects\ccd_server\ccd_server\ccd_server\x64\release\vc141.pdb
h:\codeprojects\ccd_server\ccd_server\ccd_server\x64\release\stdafx.obj
h:\codeprojects\ccd_server\ccd_server\ccd_server\x64\release\thread1.obj
h:\codeprojects\ccd_server\ccd_server\ccd_server\x64\release\main.obj
h:\codeprojects\ccd_server\ccd_server\x64\release\ccd_server.exe
h:\codeprojects\ccd_server\ccd_server\x64\release\ccd_server.pdb
f:\文档\github\cpphisrtoryprojects\ccd_server\ccd_server\x64\release\stdafx.obj
f:\文档\github\cpphisrtoryprojects\ccd_server\ccd_server\x64\release\thread1.obj
f:\文档\github\cpphisrtoryprojects\ccd_server\ccd_server\x64\release\ccd_server.pch
f:\文档\github\cpphisrtoryprojects\ccd_server\ccd_server\x64\release\vc141.pdb
f:\文档\github\cpphisrtoryprojects\ccd_server\x64\release\ccd_server.pdb
f:\文档\github\cpphisrtoryprojects\ccd_server\x64\release\ccd_server.exe
f:\文档\github\cpphisrtoryprojects\ccd_server\ccd_server\x64\release\ccd_server.tlog\ccd_server.write.1u.tlog
f:\文档\github\cpphisrtoryprojects\ccd_server\ccd_server\x64\release\ccd_server.tlog\cl.command.1.tlog
f:\文档\github\cpphisrtoryprojects\ccd_server\ccd_server\x64\release\ccd_server.tlog\cl.read.1.tlog
f:\文档\github\cpphisrtoryprojects\ccd_server\ccd_server\x64\release\ccd_server.tlog\cl.write.1.tlog
f:\文档\github\cpphisrtoryprojects\ccd_server\ccd_server\x64\release\ccd_server.tlog\link.command.1.tlog
f:\文档\github\cpphisrtoryprojects\ccd_server\ccd_server\x64\release\ccd_server.tlog\link.read.1.tlog
f:\文档\github\cpphisrtoryprojects\ccd_server\ccd_server\x64\release\ccd_server.tlog\link.write.1.tlog
